<?xml version="1.0" encoding="UTF-8"?>
<!-- Generated by org.testng.reporters.JUnitXMLReporter -->
<testsuite ignored="4" hostname="DESKTOP-6LGQ6RF" failures="2" tests="9" name="DemoTest" time="51.628" errors="0" timestamp="2023-02-12T15:24:30 IST">
  <testcase classname="demo.advanced.tests.DemoTests" name="BTest3" time="0.017">
    <failure type="org.testng.internal.reflect.MethodMatcherException" message="
[public void demo.advanced.tests.DemoTests.BTest3()] has no parameters defined but was found to be using a data provider (either explicitly specified or inherited from class level annotation).
Data provider mismatch
Method: BTest3([])
Arguments: [(java.lang.String) Automate]">
      <![CDATA[org.testng.internal.reflect.MethodMatcherException: 
[public void demo.advanced.tests.DemoTests.BTest3()] has no parameters defined but was found to be using a data provider (either explicitly specified or inherited from class level annotation).
Data provider mismatch
Method: BTest3([])
Arguments: [(java.lang.String) Automate]
at java.base/java.util.concurrent.ThreadPoolExecutor.runWorker(ThreadPoolExecutor.java:1136)
at java.base/java.util.concurrent.ThreadPoolExecutor$Worker.run(ThreadPoolExecutor.java:635)
at java.base/java.lang.Thread.run(Thread.java:833)
... Removed 7 stack frames]]>
    </failure>
  </testcase> <!-- BTest3 -->
  <testcase classname="demo.advanced.tests.DemoTests" name="Test4" time="0.008"/>
  <testcase classname="demo.advanced.tests.DemoTests" name="ATest2" time="0.002"/>
  <testcase classname="demo.advanced.tests.DemoTests" name="ZTest1" time="0.01"/>
  <testcase classname="demo.advanced.tests.DemoTests" name="ZTest1" time="0.002"/>
  <testcase classname="demo.advanced.tests.DemoTests" name="Test5" time="2.51"/>
  <testcase classname="demo.advanced.tests.AmazonTest" name="WriteMobileNamesInExcel" time="18.706">
    <failure type="org.openqa.selenium.StaleElementReferenceException" message="stale element reference: element is not attached to the page document
  (Session info: chrome=109.0.5414.120)
For documentation on this error, please visit: https://selenium.dev/exceptions/#stale_element_reference
Build info: version: &amp;apos;4.6.0&amp;apos;, revision: &amp;apos;79f1c02ae20&amp;apos;
System info: os.name: &amp;apos;Windows 10&amp;apos;, os.arch: &amp;apos;amd64&amp;apos;, os.version: &amp;apos;10.0&amp;apos;, java.version: &amp;apos;17.0.2&amp;apos;
Driver info: org.openqa.selenium.chrome.ChromeDriver
Command: [a292ebf984f3a0b6c60490c82fae3b4c, sendKeysToElement {id=582d4918-d46a-48fc-a363-7251d3e3569b, value=[Ljava.lang.CharSequence;@52af5a58}]
Capabilities {acceptInsecureCerts: false, browserName: chrome, browserVersion: 109.0.5414.120, chrome: {chromedriverVersion: 109.0.5414.74 (e7c5703604da..., userDataDir: C:\Users\DRAGON~1\AppData\L...}, goog:chromeOptions: {debuggerAddress: localhost:59992}, networkConnectionEnabled: false, pageLoadStrategy: normal, platformName: WINDOWS, proxy: Proxy(), se:cdp: ws://localhost:59992/devtoo..., se:cdpVersion: 109.0.5414.120, setWindowRect: true, strictFileInteractability: false, timeouts: {implicit: 0, pageLoad: 300000, script: 30000}, unhandledPromptBehavior: dismiss and notify, webauthn:extension:credBlob: true, webauthn:extension:largeBlob: true, webauthn:virtualAuthenticators: true}
Element: [[ChromeDriver: chrome on WINDOWS (a292ebf984f3a0b6c60490c82fae3b4c)] -&amp;gt; xpath: //input[@id=&amp;apos;nav-search-submit-button&amp;apos;]]
Session ID: a292ebf984f3a0b6c60490c82fae3b4c">
      <![CDATA[org.openqa.selenium.StaleElementReferenceException: stale element reference: element is not attached to the page document
  (Session info: chrome=109.0.5414.120)
For documentation on this error, please visit: https://selenium.dev/exceptions/#stale_element_reference
Build info: version: '4.6.0', revision: '79f1c02ae20'
System info: os.name: 'Windows 10', os.arch: 'amd64', os.version: '10.0', java.version: '17.0.2'
Driver info: org.openqa.selenium.chrome.ChromeDriver
Command: [a292ebf984f3a0b6c60490c82fae3b4c, sendKeysToElement {id=582d4918-d46a-48fc-a363-7251d3e3569b, value=[Ljava.lang.CharSequence;@52af5a58}]
Capabilities {acceptInsecureCerts: false, browserName: chrome, browserVersion: 109.0.5414.120, chrome: {chromedriverVersion: 109.0.5414.74 (e7c5703604da..., userDataDir: C:\Users\DRAGON~1\AppData\L...}, goog:chromeOptions: {debuggerAddress: localhost:59992}, networkConnectionEnabled: false, pageLoadStrategy: normal, platformName: WINDOWS, proxy: Proxy(), se:cdp: ws://localhost:59992/devtoo..., se:cdpVersion: 109.0.5414.120, setWindowRect: true, strictFileInteractability: false, timeouts: {implicit: 0, pageLoad: 300000, script: 30000}, unhandledPromptBehavior: dismiss and notify, webauthn:extension:credBlob: true, webauthn:extension:largeBlob: true, webauthn:virtualAuthenticators: true}
Element: [[ChromeDriver: chrome on WINDOWS (a292ebf984f3a0b6c60490c82fae3b4c)] -> xpath: //input[@id='nav-search-submit-button']]
Session ID: a292ebf984f3a0b6c60490c82fae3b4c
at org.openqa.selenium.remote.codec.w3c.W3CHttpResponseCodec.createException(W3CHttpResponseCodec.java:200)
at org.openqa.selenium.remote.codec.w3c.W3CHttpResponseCodec.decode(W3CHttpResponseCodec.java:133)
at org.openqa.selenium.remote.codec.w3c.W3CHttpResponseCodec.decode(W3CHttpResponseCodec.java:53)
at org.openqa.selenium.remote.HttpCommandExecutor.execute(HttpCommandExecutor.java:184)
at org.openqa.selenium.remote.service.DriverCommandExecutor.invokeExecute(DriverCommandExecutor.java:167)
at org.openqa.selenium.remote.service.DriverCommandExecutor.execute(DriverCommandExecutor.java:142)
at org.openqa.selenium.remote.RemoteWebDriver.execute(RemoteWebDriver.java:541)
at org.openqa.selenium.remote.RemoteWebElement.execute(RemoteWebElement.java:257)
at org.openqa.selenium.remote.RemoteWebElement.sendKeys(RemoteWebElement.java:113)
at demo.advanced.amazon.pageobjects.AmazonLandingPage.search(AmazonLandingPage.java:36)
at demo.advanced.tests.AmazonTest.WriteMobileNamesInExcel(AmazonTest.java:35)
at java.base/java.util.concurrent.ThreadPoolExecutor.runWorker(ThreadPoolExecutor.java:1136)
at java.base/java.util.concurrent.ThreadPoolExecutor$Worker.run(ThreadPoolExecutor.java:635)
at java.base/java.lang.Thread.run(Thread.java:833)
... Removed 17 stack frames]]>
    </failure>
  </testcase> <!-- WriteMobileNamesInExcel -->
  <testcase classname="demo.advanced.tests.AmazonTest" name="AppleMobileSearch" time="20.593"/>
  <testcase classname="demo.advanced.tests.DemoTests" name="ZTest1" time="0.004"/>
  <testcase classname="demo.advanced.tests.BaseTest" name="@BeforeTest BeforeTest" time="0.0">
    <ignored/>
  </testcase> <!-- @BeforeTest BeforeTest -->
  <testcase classname="demo.advanced.tests.BaseTest" name="@AfterSuite AfterSuite" time="0.0">
    <ignored/>
  </testcase> <!-- @AfterSuite AfterSuite -->
  <testcase classname="demo.advanced.tests.BaseTest" name="@BeforeSuite BeforeSuite" time="0.0">
    <ignored/>
  </testcase> <!-- @BeforeSuite BeforeSuite -->
  <testcase classname="demo.advanced.tests.BaseTest" name="@AfterTest AfterTest" time="0.0">
    <ignored/>
  </testcase> <!-- @AfterTest AfterTest -->
</testsuite> <!-- DemoTest -->
