<?xml version="1.0" encoding="UTF-8"?>
<!-- Generated by org.testng.reporters.JUnitXMLReporter -->
<testsuite ignored="0" hostname="DESKTOP-6LGQ6RF" failures="1" tests="7" name="DemoTest" time="42.921" errors="0" timestamp="2022-11-25T00:04:11 IST">
  <testcase classname="demo.advanced.tests.DemoTests" name="Test3" time="0.021"/>
  <testcase classname="demo.advanced.tests.DemoTests" name="Test1" time="0.005"/>
  <testcase classname="demo.advanced.tests.DemoTests" name="Test2" time="0.008"/>
  <testcase classname="demo.advanced.tests.AmazonTest" name="AppleMobileSearch" time="8.638">
    <failure type="java.lang.AssertionError" message="Actual Text &amp;apos;Samsung Galaxy M32 Prime Edition (Light Blue, 6GB RAM, 128GB) &amp;apos;does not Contains Expected Text &amp;apos;Apple iPhone&amp;apos; expected [true] but found [false]">
      <![CDATA[java.lang.AssertionError: Actual Text 'Samsung Galaxy M32 Prime Edition (Light Blue, 6GB RAM, 128GB) 'does not Contains Expected Text 'Apple iPhone' expected [true] but found [false]
at demo.advanced.tests.AmazonTest.AppleMobileSearch(AmazonTest.java:20)
at java.base/java.util.concurrent.ThreadPoolExecutor.runWorker(ThreadPoolExecutor.java:1136)
at java.base/java.util.concurrent.ThreadPoolExecutor$Worker.run(ThreadPoolExecutor.java:635)
at java.base/java.lang.Thread.run(Thread.java:833)
... Removed 15 stack frames]]>
    </failure>
  </testcase> <!-- AppleMobileSearch -->
  <testcase classname="demo.advanced.tests.DemoTests" name="Test4" time="0.004"/>
  <testcase classname="demo.advanced.tests.AmazonTest" name="WriteMobileNamesInExcel" time="18.548"/>
  <testcase classname="demo.advanced.tests.DemoTests" name="Test5" time="1.96"/>
</testsuite> <!-- DemoTest -->
