<?xml version="1.0" encoding="UTF-8"?>
<!-- Generated by org.testng.reporters.JUnitReportReporter -->
<testsuite hostname="DESKTOP-6LGQ6RF" failures="0" tests="7" name="demo.advanced.tests.DemoTests" time="130.441" errors="1" timestamp="2023-02-12T15:24:30 IST" skipped="0">
  <testcase classname="demo.advanced.tests.DemoTests" name="ATest2" time="33.647"/>
  <system-out/>
  <testcase classname="demo.advanced.tests.DemoTests" name="BTest3" time="10.380">
    <error message="
[public void demo.advanced.tests.DemoTests.BTest3()] has no parameters defined but was found to be using a data provider (either explicitly specified or inherited from class level annotation).
Data provider mismatch
Method: BTest3([])
Arguments: [(java.lang.String) Automate]" type="org.testng.internal.reflect.MethodMatcherException">
      <![CDATA[org.testng.internal.reflect.MethodMatcherException: 
[public void demo.advanced.tests.DemoTests.BTest3()] has no parameters defined but was found to be using a data provider (either explicitly specified or inherited from class level annotation).
Data provider mismatch
Method: BTest3([])
Arguments: [(java.lang.String) Automate]
at org.testng.internal.reflect.DataProviderMethodMatcher.getConformingArguments(DataProviderMethodMatcher.java:43)
at org.testng.internal.Parameters.injectParameters(Parameters.java:914)
at org.testng.internal.MethodRunner.runInSequence(MethodRunner.java:34)
at org.testng.internal.TestInvoker$MethodInvocationAgent.invoke(TestInvoker.java:824)
at org.testng.internal.TestInvoker.invokeTestMethods(TestInvoker.java:146)
at org.testng.internal.TestMethodWorker.invokeTestMethods(TestMethodWorker.java:146)
at org.testng.internal.TestMethodWorker.run(TestMethodWorker.java:128)
at java.base/java.util.concurrent.ThreadPoolExecutor.runWorker(ThreadPoolExecutor.java:1136)
at java.base/java.util.concurrent.ThreadPoolExecutor$Worker.run(ThreadPoolExecutor.java:635)
at java.base/java.lang.Thread.run(Thread.java:833)
]]>
    </error>
  </testcase> <!-- BTest3 -->
  <system-out/>
  <testcase classname="demo.advanced.tests.DemoTests" name="ZTest1" time="25.909"/>
  <system-out/>
  <testcase classname="demo.advanced.tests.DemoTests" name="ZTest1" time="27.507"/>
  <system-out/>
  <testcase classname="demo.advanced.tests.DemoTests" name="ZTest1" time="19.543"/>
  <system-out/>
  <testcase classname="demo.advanced.tests.DemoTests" name="Test4" time="10.945"/>
  <system-out/>
  <testcase classname="demo.advanced.tests.DemoTests" name="Test5" time="2.510"/>
  <system-out/>
</testsuite> <!-- demo.advanced.tests.DemoTests -->
